2022-05-11 23:11:45 [RequestController.java] [INFO] HHController [Request Deleted] - [7]
2022-05-11 23:11:51 [NgoController.java] [INFO] HHController [NgoGetDetails] - [dradadiya990@gmail.com]
2022-05-11 23:12:19 [RequestController.java] [INFO] HHController [Request Declined] - [6]
2022-05-11 23:12:22 [NgoController.java] [INFO] HHController [NgoGetDetails] - [dradadiya990@gmail.com]                                                       2022-05-12 07:37:59 [NgoController.java] [INFO] HHController [NgoGetDetails] - [dradadiya990@gmail.com]
2022-05-12 07:46:22 [RequestController.java] [INFO] HHController [Add Request] - [+919773180438]
2022-05-12 07:46:32 [NgoController.java] [INFO] HHController [NgoGetDetails] - [dradadiya990@gmail.com]
2022-05-12 07:46:43 [RequestController.java] [INFO] HHController [Get Request] - [+919773180438]
2022-05-12 07:47:51 [VolunteerController.java] [INFO] HHController [Add Volunteer] - [+919773180438]
2022-05-12 07:48:51 [VolunteerController.java] [INFO] HHController [Add Volunteer] - [+919773180438]
2022-05-12 07:49:07 [NgoController.java] [INFO] HHController [NgoGetDetails] - [dradadiya990@gmail.com]
2022-05-12 07:54:25 [RequestController.java] [INFO] HHController [Add Request] - [+919773180438]
2022-05-12 07:54:33 [RequestController.java] [INFO] HHController [Get Request] - [+919773180438]
2022-05-12 07:54:45 [NgoController.java] [INFO] HHController [NgoGetDetails] - [dradadiya990@gmail.com]
2022-05-12 07:54:52 [RequestController.java] [INFO] HHController [Request Accepted] - [2]
2022-05-12 07:54:56 [NgoController.java] [INFO] HHController [NgoGetDetails] - [dradadiya990@gmail.com]
2022-05-12 07:55:02 [RequestController.java] [INFO] HHController [Request Declined] - [3]
2022-05-12 07:55:06 [NgoController.java] [INFO] HHController [NgoGetDetails] - [dradadiya990@gmail.com]
2022-05-12 07:55:26 [RequestController.java] [INFO] HHController [Request Deleted] - [1]
2022-05-12 07:55:30 [NgoController.java] [INFO] HHController [NgoGetDetails] - [dradadiya990@gmail.com]
2022-05-12 07:55:49 [RequestController.java] [INFO] HHController [Get Request] - [+919773180438]
2022-05-12 07:56:01 [NgoController.java] [INFO] HHController [NgoGetDetails] - [dradadiya990@gmail.com]
2022-05-12 07:57:16 [RequestController.java] [INFO] HHController [Add Request] - [+919773180438]
2022-05-12 07:57:27 [NgoController.java] [INFO] HHController [NgoGetDetails] - [dradadiya990@gmail.com]2022-05-12 18:47:40 [NgoController.java] [INFO] HHController [NgoGetDetails] - [dradadiya990@gmail.com]
2022-05-12 18:47:41 [RequestController.java] [INFO] HHController [Add Request] - [9999999999]
2022-05-12 18:47:41 [RequestController.java] [INFO] HHController [Request Accepted] - [1]
2022-05-12 18:47:41 [RequestController.java] [INFO] HHController [Request Declined] - [1]
2022-05-12 18:47:41 [RequestController.java] [INFO] HHController [Get Request] - [9999999999]
2022-05-12 18:47:41 [DonorController.java] [INFO] HHController [Add Donor] - [user]
2022-05-12 18:49:03 [NgoController.java] [INFO] HHController [NgoGetDetails] - [dradadiya990@gmail.com]
2022-05-12 18:49:04 [RequestController.java] [INFO] HHController [Add Request] - [9999999999]
2022-05-12 18:49:04 [RequestController.java] [INFO] HHController [Request Accepted] - [1]
2022-05-12 18:49:04 [RequestController.java] [INFO] HHController [Request Declined] - [1]
2022-05-12 18:49:04 [RequestController.java] [INFO] HHController [Get Request] - [9999999999]
2022-05-12 18:49:04 [DonorController.java] [INFO] HHController [Add Donor] - [user]
2022-05-12 18:50:08 [NgoController.java] [INFO] HHController [NgoGetDetails] - [dradadiya990@gmail.com]
2022-05-12 18:50:09 [RequestController.java] [INFO] HHController [Add Request] - [9999999999]
2022-05-12 18:50:09 [RequestController.java] [INFO] HHController [Request Accepted] - [1]
2022-05-12 18:50:09 [RequestController.java] [INFO] HHController [Request Declined] - [1]
2022-05-12 18:50:09 [RequestController.java] [INFO] HHController [Get Request] - [9999999999]
2022-05-12 18:50:09 [DonorController.java] [INFO] HHController [Add Donor] - [user]
2022-05-14 06:50:05 [NgoController.java] [INFO] HHController [NgoGetDetails] - [dradadiya990@gmail.com]
2022-05-14 06:50:05 [RequestController.java] [INFO] HHController [Add Request] - [9999999999]
2022-05-14 06:50:05 [RequestController.java] [INFO] HHController [Request Accepted] - [1]
2022-05-14 06:50:05 [RequestController.java] [INFO] HHController [Request Declined] - [1]
2022-05-14 06:50:05 [RequestController.java] [INFO] HHController [Get Request] - [9999999999]
2022-05-14 06:50:06 [VolunteerController.java] [INFO] HHController [Add Volunteer] - [user]
2022-05-14 06:50:06 [DonorController.java] [INFO] HHController [Add Donor] - [user]
